==141606== Memcheck, a memory error detector
==141606== Copyright (C) 2002-2024, and GNU GPL'd, by Julian Seward et al.
==141606== Using Valgrind-3.25.1 and LibVEX; rerun with -h for copyright info
==141606== Command: ./restauracja
==141606== Parent PID: 113154
==141606== 
==141606== 
==141606== Process terminating with default action of signal 15 (SIGTERM)
==141606==    at 0x4922184: __internal_syscall_cancel (cancellation.c:40)
==141606==    by 0x4922184: __syscall_cancel (cancellation.c:75)
==141606==    by 0x499E98E: wait4 (wait4.c:30)
==141606==    by 0x40027C3: zbierz_zombie_nieblokujaco (restauracja.c:83)
==141606==    by 0x4003041: main (restauracja.c:323)
==141606== 
==141606== HEAP SUMMARY:
==141606==     in use at exit: 3,636 bytes in 13 blocks
==141606==   total heap usage: 15 allocs, 2 frees, 8,204 bytes allocated
==141606== 
==141606== 15 bytes in 1 blocks are still reachable in loss record 1 of 9
==141606==    at 0x4855858: malloc (vg_replace_malloc.c:446)
==141606==    by 0x493E36E: strdup (strdup.c:42)
==141606==    by 0x496B611: tzset_internal (tzset.c:402)
==141606==    by 0x496C05C: __tz_convert (tzset.c:577)
==141606==    by 0x40041B0: log_default_path (log.c:24)
==141606==    by 0x40042F7: log_init_once (log.c:63)
==141606==    by 0x4004372: log_init_from_env (log.c:91)
==141606==    by 0x400320E: zainicjuj_losowosc (common.c:34)
==141606==    by 0x4002C29: main (restauracja.c:210)
==141606== 
==141606== 20 bytes in 1 blocks are still reachable in loss record 2 of 9
==141606==    at 0x4855858: malloc (vg_replace_malloc.c:446)
==141606==    by 0x496AC52: __tzstring_len (tzset.c:98)
==141606==    by 0x496CF2B: __tzfile_read (tzfile.c:414)
==141606==    by 0x496B628: tzset_internal (tzset.c:405)
==141606==    by 0x496C05C: __tz_convert (tzset.c:577)
==141606==    by 0x40041B0: log_default_path (log.c:24)
==141606==    by 0x40042F7: log_init_once (log.c:63)
==141606==    by 0x4004372: log_init_from_env (log.c:91)
==141606==    by 0x400320E: zainicjuj_losowosc (common.c:34)
==141606==    by 0x4002C29: main (restauracja.c:210)
==141606== 
==141606== 24 bytes in 1 blocks are still reachable in loss record 3 of 9
==141606==    at 0x4855858: malloc (vg_replace_malloc.c:446)
==141606==    by 0x48CE470: __environ_new_array (setenv.c:127)
==141606==    by 0x48CE470: __add_to_environ (setenv.c:203)
==141606==    by 0x4865A76: setenv (vg_replace_strmem.c:2528)
==141606==    by 0x4004316: log_init_once (log.c:65)
==141606==    by 0x4004372: log_init_from_env (log.c:91)
==141606==    by 0x400320E: zainicjuj_losowosc (common.c:34)
==141606==    by 0x4002C29: main (restauracja.c:210)
==141606== 
==141606== 24 bytes in 1 blocks are still reachable in loss record 4 of 9
==141606==    at 0x4855858: malloc (vg_replace_malloc.c:446)
==141606==    by 0x49B7C0C: __tsearch (tsearch.c:337)
==141606==    by 0x49B7C0C: tsearch (tsearch.c:290)
==141606==    by 0x48CE54B: __add_to_environ (setenv.c:274)
==141606==    by 0x4865A76: setenv (vg_replace_strmem.c:2528)
==141606==    by 0x4004316: log_init_once (log.c:65)
==141606==    by 0x4004372: log_init_from_env (log.c:91)
==141606==    by 0x400320E: zainicjuj_losowosc (common.c:34)
==141606==    by 0x4002C29: main (restauracja.c:210)
==141606== 
==141606== 57 bytes in 1 blocks are still reachable in loss record 5 of 9
==141606==    at 0x4855858: malloc (vg_replace_malloc.c:446)
==141606==    by 0x48CE4DD: __add_to_environ (setenv.c:251)
==141606==    by 0x4865A76: setenv (vg_replace_strmem.c:2528)
==141606==    by 0x4004316: log_init_once (log.c:65)
==141606==    by 0x4004372: log_init_from_env (log.c:91)
==141606==    by 0x400320E: zainicjuj_losowosc (common.c:34)
==141606==    by 0x4002C29: main (restauracja.c:210)
==141606== 
==141606== 102 bytes in 5 blocks are still reachable in loss record 6 of 9
==141606==    at 0x4855858: malloc (vg_replace_malloc.c:446)
==141606==    by 0x496ABF1: __tzstring_len (tzset.c:98)
==141606==    by 0x496CF2B: __tzfile_read (tzfile.c:414)
==141606==    by 0x496B628: tzset_internal (tzset.c:405)
==141606==    by 0x496C05C: __tz_convert (tzset.c:577)
==141606==    by 0x40041B0: log_default_path (log.c:24)
==141606==    by 0x40042F7: log_init_once (log.c:63)
==141606==    by 0x4004372: log_init_from_env (log.c:91)
==141606==    by 0x400320E: zainicjuj_losowosc (common.c:34)
==141606==    by 0x4002C29: main (restauracja.c:210)
==141606== 
==141606== 744 bytes in 1 blocks are still reachable in loss record 7 of 9
==141606==    at 0x485CBE3: calloc (vg_replace_malloc.c:1675)
==141606==    by 0x48CE459: __environ_new_array (setenv.c:123)
==141606==    by 0x48CE459: __add_to_environ (setenv.c:203)
==141606==    by 0x4865A76: setenv (vg_replace_strmem.c:2528)
==141606==    by 0x4004316: log_init_once (log.c:65)
==141606==    by 0x4004372: log_init_from_env (log.c:91)
==141606==    by 0x400320E: zainicjuj_losowosc (common.c:34)
==141606==    by 0x4002C29: main (restauracja.c:210)
==141606== 
==141606== 1,024 bytes in 1 blocks are still reachable in loss record 8 of 9
==141606==    at 0x4855858: malloc (vg_replace_malloc.c:446)
==141606==    by 0x490D78B: _IO_file_doallocate (filedoalloc.c:91)
==141606==    by 0x491ED25: _IO_doallocbuf (genops.c:373)
==141606==    by 0x491C3D8: _IO_file_overflow@@GLIBC_2.2.5 (fileops.c:779)
==141606==    by 0x491CFD2: _IO_new_file_xsputn (fileops.c:1305)
==141606==    by 0x491CFD2: _IO_file_xsputn@@GLIBC_2.2.5 (fileops.c:1258)
==141606==    by 0x49106B9: puts (ioputs.c:40)
==141606==    by 0x400300A: main (restauracja.c:315)
==141606== 
==141606== 1,626 bytes in 1 blocks are still reachable in loss record 9 of 9
==141606==    at 0x4855858: malloc (vg_replace_malloc.c:446)
==141606==    by 0x496C63D: __tzfile_read (tzfile.c:281)
==141606==    by 0x496B628: tzset_internal (tzset.c:405)
==141606==    by 0x496C05C: __tz_convert (tzset.c:577)
==141606==    by 0x40041B0: log_default_path (log.c:24)
==141606==    by 0x40042F7: log_init_once (log.c:63)
==141606==    by 0x4004372: log_init_from_env (log.c:91)
==141606==    by 0x400320E: zainicjuj_losowosc (common.c:34)
==141606==    by 0x4002C29: main (restauracja.c:210)
==141606== 
==141606== LEAK SUMMARY:
==141606==    definitely lost: 0 bytes in 0 blocks
==141606==    indirectly lost: 0 bytes in 0 blocks
==141606==      possibly lost: 0 bytes in 0 blocks
==141606==    still reachable: 3,636 bytes in 13 blocks
==141606==         suppressed: 0 bytes in 0 blocks
==141606== 
==141606== For lists of detected and suppressed errors, rerun with: -s
==141606== ERROR SUMMARY: 0 errors from 0 contexts (suppressed: 0 from 0)
