==142291== Memcheck, a memory error detector
==142291== Copyright (C) 2002-2024, and GNU GPL'd, by Julian Seward et al.
==142291== Using Valgrind-3.25.1 and LibVEX; rerun with -h for copyright info
==142291== Command: ./restauracja
==142291== Parent PID: 113154
==142291== 
==142291== 
==142291== Process terminating with default action of signal 15 (SIGTERM)
==142291==    at 0x499C8E9: sched_yield (syscall-template.S:120)
==142291==    by 0x4003046: main (restauracja.c:324)
==142291== 
==142291== HEAP SUMMARY:
==142291==     in use at exit: 3,636 bytes in 13 blocks
==142291==   total heap usage: 15 allocs, 2 frees, 8,204 bytes allocated
==142291== 
==142291== 15 bytes in 1 blocks are still reachable in loss record 1 of 9
==142291==    at 0x4855858: malloc (vg_replace_malloc.c:446)
==142291==    by 0x493E36E: strdup (strdup.c:42)
==142291==    by 0x496B611: tzset_internal (tzset.c:402)
==142291==    by 0x496C05C: __tz_convert (tzset.c:577)
==142291==    by 0x40041B0: log_default_path (log.c:24)
==142291==    by 0x40042F7: log_init_once (log.c:63)
==142291==    by 0x4004372: log_init_from_env (log.c:91)
==142291==    by 0x400320E: zainicjuj_losowosc (common.c:34)
==142291==    by 0x4002C29: main (restauracja.c:210)
==142291== 
==142291== 20 bytes in 1 blocks are still reachable in loss record 2 of 9
==142291==    at 0x4855858: malloc (vg_replace_malloc.c:446)
==142291==    by 0x496AC52: __tzstring_len (tzset.c:98)
==142291==    by 0x496CF2B: __tzfile_read (tzfile.c:414)
==142291==    by 0x496B628: tzset_internal (tzset.c:405)
==142291==    by 0x496C05C: __tz_convert (tzset.c:577)
==142291==    by 0x40041B0: log_default_path (log.c:24)
==142291==    by 0x40042F7: log_init_once (log.c:63)
==142291==    by 0x4004372: log_init_from_env (log.c:91)
==142291==    by 0x400320E: zainicjuj_losowosc (common.c:34)
==142291==    by 0x4002C29: main (restauracja.c:210)
==142291== 
==142291== 24 bytes in 1 blocks are still reachable in loss record 3 of 9
==142291==    at 0x4855858: malloc (vg_replace_malloc.c:446)
==142291==    by 0x48CE470: __environ_new_array (setenv.c:127)
==142291==    by 0x48CE470: __add_to_environ (setenv.c:203)
==142291==    by 0x4865A76: setenv (vg_replace_strmem.c:2528)
==142291==    by 0x4004316: log_init_once (log.c:65)
==142291==    by 0x4004372: log_init_from_env (log.c:91)
==142291==    by 0x400320E: zainicjuj_losowosc (common.c:34)
==142291==    by 0x4002C29: main (restauracja.c:210)
==142291== 
==142291== 24 bytes in 1 blocks are still reachable in loss record 4 of 9
==142291==    at 0x4855858: malloc (vg_replace_malloc.c:446)
==142291==    by 0x49B7C0C: __tsearch (tsearch.c:337)
==142291==    by 0x49B7C0C: tsearch (tsearch.c:290)
==142291==    by 0x48CE54B: __add_to_environ (setenv.c:274)
==142291==    by 0x4865A76: setenv (vg_replace_strmem.c:2528)
==142291==    by 0x4004316: log_init_once (log.c:65)
==142291==    by 0x4004372: log_init_from_env (log.c:91)
==142291==    by 0x400320E: zainicjuj_losowosc (common.c:34)
==142291==    by 0x4002C29: main (restauracja.c:210)
==142291== 
==142291== 57 bytes in 1 blocks are still reachable in loss record 5 of 9
==142291==    at 0x4855858: malloc (vg_replace_malloc.c:446)
==142291==    by 0x48CE4DD: __add_to_environ (setenv.c:251)
==142291==    by 0x4865A76: setenv (vg_replace_strmem.c:2528)
==142291==    by 0x4004316: log_init_once (log.c:65)
==142291==    by 0x4004372: log_init_from_env (log.c:91)
==142291==    by 0x400320E: zainicjuj_losowosc (common.c:34)
==142291==    by 0x4002C29: main (restauracja.c:210)
==142291== 
==142291== 102 bytes in 5 blocks are still reachable in loss record 6 of 9
==142291==    at 0x4855858: malloc (vg_replace_malloc.c:446)
==142291==    by 0x496ABF1: __tzstring_len (tzset.c:98)
==142291==    by 0x496CF2B: __tzfile_read (tzfile.c:414)
==142291==    by 0x496B628: tzset_internal (tzset.c:405)
==142291==    by 0x496C05C: __tz_convert (tzset.c:577)
==142291==    by 0x40041B0: log_default_path (log.c:24)
==142291==    by 0x40042F7: log_init_once (log.c:63)
==142291==    by 0x4004372: log_init_from_env (log.c:91)
==142291==    by 0x400320E: zainicjuj_losowosc (common.c:34)
==142291==    by 0x4002C29: main (restauracja.c:210)
==142291== 
==142291== 744 bytes in 1 blocks are still reachable in loss record 7 of 9
==142291==    at 0x485CBE3: calloc (vg_replace_malloc.c:1675)
==142291==    by 0x48CE459: __environ_new_array (setenv.c:123)
==142291==    by 0x48CE459: __add_to_environ (setenv.c:203)
==142291==    by 0x4865A76: setenv (vg_replace_strmem.c:2528)
==142291==    by 0x4004316: log_init_once (log.c:65)
==142291==    by 0x4004372: log_init_from_env (log.c:91)
==142291==    by 0x400320E: zainicjuj_losowosc (common.c:34)
==142291==    by 0x4002C29: main (restauracja.c:210)
==142291== 
==142291== 1,024 bytes in 1 blocks are still reachable in loss record 8 of 9
==142291==    at 0x4855858: malloc (vg_replace_malloc.c:446)
==142291==    by 0x490D78B: _IO_file_doallocate (filedoalloc.c:91)
==142291==    by 0x491ED25: _IO_doallocbuf (genops.c:373)
==142291==    by 0x491C3D8: _IO_file_overflow@@GLIBC_2.2.5 (fileops.c:779)
==142291==    by 0x491CFD2: _IO_new_file_xsputn (fileops.c:1305)
==142291==    by 0x491CFD2: _IO_file_xsputn@@GLIBC_2.2.5 (fileops.c:1258)
==142291==    by 0x49106B9: puts (ioputs.c:40)
==142291==    by 0x400300A: main (restauracja.c:315)
==142291== 
==142291== 1,626 bytes in 1 blocks are still reachable in loss record 9 of 9
==142291==    at 0x4855858: malloc (vg_replace_malloc.c:446)
==142291==    by 0x496C63D: __tzfile_read (tzfile.c:281)
==142291==    by 0x496B628: tzset_internal (tzset.c:405)
==142291==    by 0x496C05C: __tz_convert (tzset.c:577)
==142291==    by 0x40041B0: log_default_path (log.c:24)
==142291==    by 0x40042F7: log_init_once (log.c:63)
==142291==    by 0x4004372: log_init_from_env (log.c:91)
==142291==    by 0x400320E: zainicjuj_losowosc (common.c:34)
==142291==    by 0x4002C29: main (restauracja.c:210)
==142291== 
==142291== LEAK SUMMARY:
==142291==    definitely lost: 0 bytes in 0 blocks
==142291==    indirectly lost: 0 bytes in 0 blocks
==142291==      possibly lost: 0 bytes in 0 blocks
==142291==    still reachable: 3,636 bytes in 13 blocks
==142291==         suppressed: 0 bytes in 0 blocks
==142291== 
==142291== ERROR SUMMARY: 0 errors from 0 contexts (suppressed: 0 from 0)
